8.5.2025, 14:19:49 - INFO - server.js loaded... 
8.5.2025, 14:19:49 - INFO - Server is running on: http://localhost/3030 
8.5.2025, 14:20:02 - INFO - server.js loaded... 
8.5.2025, 14:20:02 - INFO - Server is running on: http://localhost:3030 
8.5.2025, 14:20:08 - INFO - Req was made | / 
8.5.2025, 14:20:13 - INFO - Req was made | / 
8.5.2025, 14:20:29 - INFO - Req was made | / 
8.5.2025, 14:20:33 - INFO - server.js loaded... 
8.5.2025, 14:20:33 - INFO - Server is running on: http://localhost:3030 
8.5.2025, 14:22:51 - INFO - server.js loaded... 
8.5.2025, 14:22:51 - INFO - Server is running on: http://localhost:3030 
8.5.2025, 14:23:05 - INFO - server.js loaded... 
8.5.2025, 14:23:05 - INFO - Server is running on: http://localhost:3030 
8.5.2025, 14:24:11 - INFO - server.js loaded... 
8.5.2025, 14:24:11 - INFO - Server is running on: http://localhost:3030 
8.5.2025, 14:24:42 - INFO - server.js loaded... 
8.5.2025, 14:24:42 - INFO - Server is running on: http://localhost:3030 
8.5.2025, 14:24:49 - INFO - server.js loaded... 
8.5.2025, 14:24:49 - INFO - Server is running on: http://localhost:3030 
8.5.2025, 14:25:24 - INFO - server.js loaded... 
8.5.2025, 14:25:24 - INFO - Server is running on: http://localhost:3030 
8.5.2025, 14:33:10 - INFO - Req was made | / 
8.5.2025, 14:33:17 - INFO - server.js loaded... 
8.5.2025, 14:33:17 - INFO - Server is running on: http://localhost:3030 
8.5.2025, 14:33:20 - INFO - server.js loaded... 
8.5.2025, 14:33:20 - INFO - Server is running on: http://localhost:3030 
8.5.2025, 15:46:23 - INFO - server.js loaded... 
8.5.2025, 15:46:23 - INFO - Server is running on: http://localhost:3030 
8.5.2025, 15:46:27 - INFO - Req was made | / 
8.5.2025, 15:47:52 - INFO - Req was made | / 
8.5.2025, 15:47:53 - INFO - Req was made | / 
8.5.2025, 15:47:55 - INFO - Req was made | / 
8.5.2025, 15:48:10 - INFO - server.js loaded... 
8.5.2025, 15:48:10 - INFO - Server is running on: http://localhost:3030 
8.5.2025, 15:48:13 - INFO - Req was made | / 
8.5.2025, 15:48:21 - INFO - server.js loaded... 
8.5.2025, 15:48:21 - INFO - Server is running on: http://localhost:3030 
8.5.2025, 15:48:57 - INFO - server.js loaded... 
8.5.2025, 15:48:57 - INFO - Server is running on: http://localhost:3030 
8.5.2025, 19:00:42 - INFO - server.js loaded... 
8.5.2025, 19:00:42 - INFO - Server is running on: http://localhost:3030 
8.5.2025, 19:00:46 - INFO - Req was made | / 
8.5.2025, 19:00:48 - INFO - Req was made | / 
8.5.2025, 19:01:48 - DEBUG - auth.service - login with username: puki 
8.5.2025, 19:01:48 - ERROR - Failed to Login Error: Invalid username or password 
8.5.2025, 19:01:52 - DEBUG - auth.service - login with username: puki 
8.5.2025, 19:01:52 - ERROR - Failed to Login Error: Invalid username or password 
8.5.2025, 19:01:53 - DEBUG - auth.service - login with username: puki 
8.5.2025, 19:01:53 - ERROR - Failed to Login Error: Invalid username or password 
8.5.2025, 19:02:25 - INFO - server.js loaded... 
8.5.2025, 19:02:25 - INFO - Server is running on: http://localhost:3030 
8.5.2025, 19:02:27 - DEBUG - auth.service - login with username: kiki 
8.5.2025, 19:02:27 - INFO - User login:  | {"_id":"6727af882886ccd9333efbc0","username":"kiki","fullname":"kiki","score":0} 
8.5.2025, 19:02:39 - INFO - Req was made | / 
8.5.2025, 19:02:48 - DEBUG - auth.service - login with username: kiki 
8.5.2025, 19:02:49 - INFO - User login:  | {"_id":"6727af882886ccd9333efbc0","username":"kiki","fullname":"kiki","score":0} 
8.5.2025, 19:03:12 - DEBUG - auth.service - login with username: kiki 
8.5.2025, 19:03:12 - INFO - User login:  | {"_id":"6727af882886ccd9333efbc0","username":"kiki","fullname":"kiki","score":0} 
8.5.2025, 19:03:55 - INFO - server.js loaded... 
8.5.2025, 19:03:55 - INFO - Server is running on: http://localhost:3030 
8.5.2025, 19:04:12 - INFO - server.js loaded... 
8.5.2025, 19:04:12 - INFO - Server is running on: http://localhost:3030 
8.5.2025, 19:04:21 - INFO - server.js loaded... 
8.5.2025, 19:04:21 - INFO - Server is running on: http://localhost:3030 
8.5.2025, 19:04:36 - INFO - Req was made | / 
8.5.2025, 19:04:52 - DEBUG - auth.service - login with username: kiki 
8.5.2025, 19:04:52 - INFO - User login:  | {"_id":"6727af882886ccd9333efbc0","username":"kiki","fullname":"kiki","score":0} 
8.5.2025, 19:05:17 - INFO - server.js loaded... 
8.5.2025, 19:05:17 - INFO - Server is running on: http://localhost:3030 
8.5.2025, 19:05:21 - DEBUG - auth.service - login with username: stu 
8.5.2025, 19:05:21 - INFO - User login:  | {"_id":"6693ed0cc0ce129e1ce34766","username":"stu","fullname":"Stav Yaar Bar","imgUrl":"https://res.cloudinary.com/vanilla-test-images/image/upload/v1720970505/myvjigxs2bxhsktyfquk.jpg","isAdmin":true,"score":150} 
8.5.2025, 19:05:31 - INFO - server.js loaded... 
8.5.2025, 19:05:31 - INFO - Server is running on: http://localhost:3030 
8.5.2025, 19:05:35 - INFO - Req was made | / 
8.5.2025, 19:05:44 - INFO - server.js loaded... 
8.5.2025, 19:05:44 - INFO - Server is running on: http://localhost:3030 
8.5.2025, 19:21:26 - INFO - server.js loaded... 
8.5.2025, 19:21:26 - INFO - Server is running on: http://localhost:3030 
8.5.2025, 19:22:36 - INFO - server.js loaded... 
8.5.2025, 19:22:36 - INFO - Server is running on: http://localhost:3030 
8.5.2025, 19:22:58 - INFO - server.js loaded... 
8.5.2025, 19:22:58 - INFO - Server is running on: http://localhost:3030 
8.5.2025, 19:24:07 - INFO - server.js loaded... 
8.5.2025, 19:24:07 - INFO - Server is running on: http://localhost:3030 
8.5.2025, 19:24:14 - INFO - server.js loaded... 
8.5.2025, 19:24:15 - INFO - Server is running on: http://localhost:3030 
8.5.2025, 19:24:42 - INFO - server.js loaded... 
8.5.2025, 19:24:42 - INFO - Server is running on: http://localhost:3030 
8.5.2025, 19:24:45 - INFO - server.js loaded... 
8.5.2025, 19:24:45 - INFO - Server is running on: http://localhost:3030 
8.5.2025, 19:24:59 - INFO - server.js loaded... 
8.5.2025, 19:24:59 - INFO - Server is running on: http://localhost:3030 
8.5.2025, 19:25:26 - INFO - server.js loaded... 
8.5.2025, 19:25:26 - INFO - Server is running on: http://localhost:3030 
8.5.2025, 19:25:36 - INFO - server.js loaded... 
8.5.2025, 19:25:36 - INFO - Server is running on: http://localhost:3030 
8.5.2025, 19:28:57 - INFO - server.js loaded... 
8.5.2025, 19:28:57 - INFO - Server is running on: http://localhost:3030 
8.5.2025, 19:30:07 - INFO - server.js loaded... 
8.5.2025, 19:30:07 - INFO - Server is running on: http://localhost:3030 
8.5.2025, 19:31:46 - INFO - Req was made | / 
8.5.2025, 19:32:32 - INFO - server.js loaded... 
8.5.2025, 19:32:32 - INFO - Server is running on: http://localhost:3030 
8.5.2025, 19:33:15 - INFO - server.js loaded... 
8.5.2025, 19:33:15 - INFO - Server is running on: http://localhost:3030 
8.5.2025, 19:33:30 - INFO - server.js loaded... 
8.5.2025, 19:33:30 - INFO - Server is running on: http://localhost:3030 
8.5.2025, 19:33:39 - INFO - server.js loaded... 
8.5.2025, 19:33:39 - INFO - Server is running on: http://localhost:3030 
8.5.2025, 19:37:05 - INFO - server.js loaded... 
8.5.2025, 19:37:05 - INFO - Server is running on: http://localhost:3030 
8.5.2025, 19:40:41 - INFO - server.js loaded... 
8.5.2025, 19:40:41 - INFO - Server is running on: http://localhost:3030 
8.5.2025, 19:41:39 - INFO - server.js loaded... 
8.5.2025, 19:41:39 - INFO - Server is running on: http://localhost:3030 
8.5.2025, 19:45:02 - INFO - server.js loaded... 
8.5.2025, 19:45:02 - INFO - Server is running on: http://localhost:3030 
8.5.2025, 19:46:08 - INFO - server.js loaded... 
8.5.2025, 19:46:08 - INFO - Server is running on: http://localhost:3030 
8.5.2025, 19:46:43 - INFO - server.js loaded... 
8.5.2025, 19:46:43 - INFO - Server is running on: http://localhost:3030 
8.5.2025, 19:47:38 - INFO - server.js loaded... 
8.5.2025, 19:47:38 - INFO - Server is running on: http://localhost:3030 
8.5.2025, 19:47:51 - INFO - server.js loaded... 
8.5.2025, 19:47:51 - INFO - Server is running on: http://localhost:3030 
8.5.2025, 19:49:37 - INFO - server.js loaded... 
8.5.2025, 19:49:37 - INFO - Server is running on: http://localhost:3030 
8.5.2025, 19:50:20 - INFO - server.js loaded... 
8.5.2025, 19:50:20 - INFO - Server is running on: http://localhost:3030 
8.5.2025, 19:52:08 - INFO - server.js loaded... 
8.5.2025, 19:52:08 - INFO - Server is running on: http://localhost:3030 
8.5.2025, 19:54:22 - INFO - server.js loaded... 
8.5.2025, 19:54:22 - INFO - Server is running on: http://localhost:3030 
8.5.2025, 19:54:48 - INFO - server.js loaded... 
8.5.2025, 19:54:48 - INFO - Server is running on: http://localhost:3030 
8.5.2025, 19:55:00 - INFO - server.js loaded... 
8.5.2025, 19:55:00 - INFO - Server is running on: http://localhost:3030 
8.5.2025, 19:56:25 - INFO - server.js loaded... 
8.5.2025, 19:56:25 - INFO - Server is running on: http://localhost:3030 
8.5.2025, 19:57:19 - INFO - server.js loaded... 
8.5.2025, 19:57:19 - INFO - Server is running on: http://localhost:3030 
8.5.2025, 19:57:26 - INFO - server.js loaded... 
8.5.2025, 19:57:26 - INFO - Server is running on: http://localhost:3030 
8.5.2025, 19:57:53 - INFO - server.js loaded... 
8.5.2025, 19:57:53 - INFO - Server is running on: http://localhost:3030 
8.5.2025, 19:58:15 - INFO - server.js loaded... 
8.5.2025, 19:58:15 - INFO - Server is running on: http://localhost:3030 
8.5.2025, 19:58:26 - INFO - server.js loaded... 
8.5.2025, 19:58:26 - INFO - Server is running on: http://localhost:3030 
8.5.2025, 20:00:17 - INFO - server.js loaded... 
8.5.2025, 20:00:17 - INFO - Server is running on: http://localhost:3030 
8.5.2025, 20:02:04 - INFO - server.js loaded... 
8.5.2025, 20:02:04 - INFO - Server is running on: http://localhost:3030 
8.5.2025, 20:04:09 - INFO - server.js loaded... 
8.5.2025, 20:04:09 - INFO - Server is running on: http://localhost:3030 
8.5.2025, 20:04:16 - INFO - server.js loaded... 
8.5.2025, 20:04:16 - INFO - Server is running on: http://localhost:3030 
8.5.2025, 20:04:27 - INFO - server.js loaded... 
8.5.2025, 20:04:27 - INFO - Server is running on: http://localhost:3030 
8.5.2025, 20:04:42 - INFO - server.js loaded... 
8.5.2025, 20:04:42 - INFO - Server is running on: http://localhost:3030 
8.5.2025, 20:05:14 - INFO - server.js loaded... 
8.5.2025, 20:05:14 - INFO - Server is running on: http://localhost:3030 
8.5.2025, 20:05:48 - INFO - server.js loaded... 
8.5.2025, 20:05:48 - INFO - Server is running on: http://localhost:3030 
8.5.2025, 20:06:32 - INFO - server.js loaded... 
8.5.2025, 20:06:32 - INFO - Server is running on: http://localhost:3030 
8.5.2025, 20:06:39 - INFO - server.js loaded... 
8.5.2025, 20:06:39 - INFO - Server is running on: http://localhost:3030 
8.5.2025, 20:06:54 - INFO - server.js loaded... 
8.5.2025, 20:06:54 - INFO - Server is running on: http://localhost:3030 
8.5.2025, 20:07:30 - INFO - server.js loaded... 
8.5.2025, 20:07:30 - INFO - Server is running on: http://localhost:3030 
8.5.2025, 20:08:03 - INFO - server.js loaded... 
8.5.2025, 20:08:03 - INFO - Server is running on: http://localhost:3030 
8.5.2025, 20:08:37 - INFO - server.js loaded... 
8.5.2025, 20:08:37 - INFO - Server is running on: http://localhost:3030 
8.5.2025, 20:08:42 - INFO - Req was made | / 
8.5.2025, 20:09:13 - INFO - server.js loaded... 
8.5.2025, 20:09:13 - INFO - Server is running on: http://localhost:3030 
8.5.2025, 20:09:14 - INFO - Req was made | / 
8.5.2025, 20:09:33 - INFO - server.js loaded... 
8.5.2025, 20:09:33 - INFO - Server is running on: http://localhost:3030 
8.5.2025, 20:09:34 - INFO - Req was made | / 
8.5.2025, 20:09:36 - INFO - Req was made | / 
8.5.2025, 20:13:16 - INFO - server.js loaded... 
8.5.2025, 20:13:16 - INFO - Server is running on: http://localhost:3030 
8.5.2025, 20:13:23 - INFO - server.js loaded... 
8.5.2025, 20:13:23 - INFO - Server is running on: http://localhost:3030 
8.5.2025, 20:14:55 - INFO - server.js loaded... 
8.5.2025, 20:14:55 - INFO - Server is running on: http://localhost:3030 
8.5.2025, 20:15:34 - INFO - server.js loaded... 
8.5.2025, 20:15:34 - INFO - Server is running on: http://localhost:3030 
8.5.2025, 20:23:07 - INFO - server.js loaded... 
8.5.2025, 20:23:07 - INFO - Server is running on: http://localhost:3030 
8.5.2025, 20:23:42 - INFO - server.js loaded... 
8.5.2025, 20:23:42 - INFO - Server is running on: http://localhost:3030 
8.5.2025, 20:23:45 - INFO - server.js loaded... 
8.5.2025, 20:23:45 - INFO - Server is running on: http://localhost:3030 
8.5.2025, 20:23:51 - INFO - server.js loaded... 
8.5.2025, 20:23:51 - INFO - Server is running on: http://localhost:3030 
8.5.2025, 20:23:56 - INFO - server.js loaded... 
8.5.2025, 20:23:56 - INFO - Server is running on: http://localhost:3030 
8.5.2025, 20:24:09 - INFO - server.js loaded... 
8.5.2025, 20:24:09 - INFO - Server is running on: http://localhost:3030 
8.5.2025, 20:25:06 - INFO - server.js loaded... 
8.5.2025, 20:25:06 - INFO - Server is running on: http://localhost:3030 
8.5.2025, 20:25:45 - INFO - server.js loaded... 
8.5.2025, 20:25:45 - INFO - Server is running on: http://localhost:3030 
8.5.2025, 20:26:00 - INFO - server.js loaded... 
8.5.2025, 20:26:00 - INFO - Server is running on: http://localhost:3030 
8.5.2025, 20:26:19 - INFO - server.js loaded... 
8.5.2025, 20:26:19 - INFO - Server is running on: http://localhost:3030 
8.5.2025, 20:26:47 - INFO - server.js loaded... 
8.5.2025, 20:26:47 - INFO - Server is running on: http://localhost:3030 
8.5.2025, 20:27:33 - INFO - server.js loaded... 
8.5.2025, 20:27:33 - INFO - Server is running on: http://localhost:3030 
8.5.2025, 20:27:43 - INFO - server.js loaded... 
8.5.2025, 20:27:43 - INFO - Server is running on: http://localhost:3030 
8.5.2025, 20:28:51 - INFO - server.js loaded... 
8.5.2025, 20:28:51 - INFO - Server is running on: http://localhost:3030 
8.5.2025, 20:28:53 - INFO - server.js loaded... 
8.5.2025, 20:28:53 - INFO - Server is running on: http://localhost:3030 
8.5.2025, 20:28:57 - INFO - server.js loaded... 
8.5.2025, 20:28:57 - INFO - Server is running on: http://localhost:3030 
8.5.2025, 20:29:02 - INFO - server.js loaded... 
8.5.2025, 20:29:02 - INFO - Server is running on: http://localhost:3030 
8.5.2025, 20:29:06 - INFO - server.js loaded... 
8.5.2025, 20:29:06 - INFO - Server is running on: http://localhost:3030 
8.5.2025, 20:29:24 - INFO - server.js loaded... 
8.5.2025, 20:29:24 - INFO - Server is running on: http://localhost:3030 
8.5.2025, 20:29:50 - INFO - server.js loaded... 
8.5.2025, 20:29:50 - INFO - Server is running on: http://localhost:3030 
8.5.2025, 20:29:54 - INFO - server.js loaded... 
8.5.2025, 20:29:54 - INFO - Server is running on: http://localhost:3030 
8.5.2025, 20:29:55 - INFO - server.js loaded... 
8.5.2025, 20:29:55 - INFO - Server is running on: http://localhost:3030 
8.5.2025, 20:30:05 - INFO - server.js loaded... 
8.5.2025, 20:30:05 - INFO - Server is running on: http://localhost:3030 
8.5.2025, 20:30:36 - INFO - server.js loaded... 
8.5.2025, 20:30:36 - INFO - Server is running on: http://localhost:3030 
8.5.2025, 20:30:51 - INFO - server.js loaded... 
8.5.2025, 20:30:51 - INFO - Server is running on: http://localhost:3030 
8.5.2025, 20:31:59 - INFO - server.js loaded... 
8.5.2025, 20:31:59 - INFO - Server is running on: http://localhost:3030 
8.5.2025, 20:32:16 - INFO - server.js loaded... 
8.5.2025, 20:32:16 - INFO - Server is running on: http://localhost:3030 
8.5.2025, 20:32:36 - INFO - server.js loaded... 
8.5.2025, 20:32:36 - INFO - Server is running on: http://localhost:3030 
8.5.2025, 20:33:08 - INFO - server.js loaded... 
8.5.2025, 20:33:08 - INFO - Server is running on: http://localhost:3030 
8.5.2025, 20:33:13 - INFO - server.js loaded... 
8.5.2025, 20:33:13 - INFO - Server is running on: http://localhost:3030 
8.5.2025, 20:33:20 - INFO - Req was made | / 
8.5.2025, 20:34:00 - INFO - server.js loaded... 
8.5.2025, 20:34:00 - INFO - Server is running on: http://localhost:3030 
8.5.2025, 20:34:54 - INFO - server.js loaded... 
8.5.2025, 20:34:54 - INFO - Server is running on: http://localhost:3030 
8.5.2025, 20:37:32 - INFO - server.js loaded... 
8.5.2025, 20:37:32 - INFO - Server is running on: http://localhost:3030 
8.5.2025, 20:39:21 - INFO - server.js loaded... 
8.5.2025, 20:39:21 - INFO - Server is running on: http://localhost:3030 
8.5.2025, 20:39:46 - INFO - server.js loaded... 
8.5.2025, 20:39:46 - INFO - Server is running on: http://localhost:3030 
8.5.2025, 20:40:41 - INFO - Server is running on: http://localhost:3030 
8.5.2025, 20:40:41 - INFO - server.js loaded... 
8.5.2025, 20:41:25 - INFO - server.js loaded... 
8.5.2025, 20:41:25 - INFO - Server is running on: http://localhost:3030 
8.5.2025, 20:41:35 - INFO - server.js loaded... 
8.5.2025, 20:41:35 - INFO - Server is running on: http://localhost:3030 
8.5.2025, 20:41:50 - INFO - server.js loaded... 
8.5.2025, 20:41:50 - INFO - Server is running on: http://localhost:3030 
8.5.2025, 20:41:52 - INFO - Req was made | / 
8.5.2025, 20:41:54 - ERROR - cannot find cars | ReferenceError: logger is not defined 
8.5.2025, 20:41:54 - ERROR - Failed to get cars | ReferenceError: logger is not defined 
8.5.2025, 20:41:54 - INFO - Req was made | / 
8.5.2025, 20:41:55 - ERROR - cannot find cars | ReferenceError: logger is not defined 
8.5.2025, 20:41:55 - ERROR - Failed to get cars | ReferenceError: logger is not defined 
8.5.2025, 20:42:03 - INFO - server.js loaded... 
8.5.2025, 20:42:03 - INFO - Server is running on: http://localhost:3030 
8.5.2025, 20:42:05 - INFO - server.js loaded... 
8.5.2025, 20:42:05 - INFO - Server is running on: http://localhost:3030 
8.5.2025, 20:42:08 - INFO - Req was made | / 
8.5.2025, 20:43:05 - INFO - server.js loaded... 
8.5.2025, 20:43:05 - INFO - Server is running on: http://localhost:3030 
8.5.2025, 20:43:31 - INFO - server.js loaded... 
8.5.2025, 20:43:31 - INFO - Server is running on: http://localhost:3030 
8.5.2025, 20:43:42 - INFO - server.js loaded... 
8.5.2025, 20:43:42 - INFO - Server is running on: http://localhost:3030 
